[debug] [2022-12-01T14:27:02.615Z] ----------------------------------------------------------------------
[debug] [2022-12-01T14:27:02.625Z] Command:       C:\Program Files\nodejs\node.exe C:\Users\OCW PC\AppData\Roaming\npm\node_modules\firebase-tools\lib\bin\firebase.js deploy
[debug] [2022-12-01T14:27:02.628Z] CLI Version:   11.16.1
[debug] [2022-12-01T14:27:02.628Z] Platform:      win32
[debug] [2022-12-01T14:27:02.629Z] Node Version:  v16.16.0
[debug] [2022-12-01T14:27:02.632Z] Time:          Thu Dec 01 2022 16:27:02 GMT+0200 (South Africa Standard Time)
[debug] [2022-12-01T14:27:02.633Z] ----------------------------------------------------------------------
[debug] 
[debug] [2022-12-01T14:27:03.076Z] > command requires scopes: ["email","openid","https://www.googleapis.com/auth/cloudplatformprojects.readonly","https://www.googleapis.com/auth/firebase","https://www.googleapis.com/auth/cloud-platform"]
[debug] [2022-12-01T14:27:03.079Z] > authorizing via signed-in user (germainbb3@gmail.com)
[debug] [2022-12-01T14:27:03.080Z] [iam] checking project mrlungusfurniture for permissions ["firebase.projects.get","firebasehosting.sites.update"]
[debug] [2022-12-01T14:27:03.091Z] >>> [apiv2][query] POST https://cloudresourcemanager.googleapis.com/v1/projects/mrlungusfurniture:testIamPermissions [none]
[debug] [2022-12-01T14:27:03.092Z] >>> [apiv2][(partial)header] POST https://cloudresourcemanager.googleapis.com/v1/projects/mrlungusfurniture:testIamPermissions x-goog-quota-user=projects/mrlungusfurniture
[debug] [2022-12-01T14:27:03.093Z] >>> [apiv2][body] POST https://cloudresourcemanager.googleapis.com/v1/projects/mrlungusfurniture:testIamPermissions {"permissions":["firebase.projects.get","firebasehosting.sites.update"]}
[debug] [2022-12-01T14:27:05.660Z] <<< [apiv2][status] POST https://cloudresourcemanager.googleapis.com/v1/projects/mrlungusfurniture:testIamPermissions 200
[debug] [2022-12-01T14:27:05.662Z] <<< [apiv2][body] POST https://cloudresourcemanager.googleapis.com/v1/projects/mrlungusfurniture:testIamPermissions {"permissions":["firebase.projects.get","firebasehosting.sites.update"]}
[debug] [2022-12-01T14:27:05.668Z] >>> [apiv2][query] GET https://firebase.googleapis.com/v1beta1/projects/mrlungusfurniture [none]
[debug] [2022-12-01T14:27:06.562Z] <<< [apiv2][status] GET https://firebase.googleapis.com/v1beta1/projects/mrlungusfurniture 200
[debug] [2022-12-01T14:27:06.565Z] <<< [apiv2][body] GET https://firebase.googleapis.com/v1beta1/projects/mrlungusfurniture {"projectId":"mrlungusfurniture","projectNumber":"1018351148003","displayName":"MrLungusFurniture","name":"projects/mrlungusfurniture","resources":{"hostingSite":"mrlungusfurniture"},"state":"ACTIVE","etag":"1_1a5d1ff5-85cd-4cb3-8681-77a56260dc07"}
[info] 
[info] === Deploying to 'mrlungusfurniture'...
[info] 
[info] i  deploying hosting 
[debug] [2022-12-01T14:27:06.667Z] >>> [apiv2][query] POST https://firebasehosting.googleapis.com/v1beta1/projects/-/sites/mrlungusfurniture/versions [none]
[debug] [2022-12-01T14:27:06.668Z] >>> [apiv2][body] POST https://firebasehosting.googleapis.com/v1beta1/projects/-/sites/mrlungusfurniture/versions {"status":"CREATED","labels":{"deployment-tool":"cli-firebase"}}
[debug] [2022-12-01T14:28:06.927Z] <<< [apiv2][status] POST https://firebasehosting.googleapis.com/v1beta1/projects/-/sites/mrlungusfurniture/versions 500
[debug] [2022-12-01T14:28:06.928Z] <<< [apiv2][body] POST https://firebasehosting.googleapis.com/v1beta1/projects/-/sites/mrlungusfurniture/versions {"error":{"code":500,"message":"Internal error encountered.","status":"INTERNAL"}}
[error] 
[error] Error: HTTP Error: 500, Internal error encountered.
[debug] [2022-12-01T14:28:07.718Z] Error Context: {
  "body": {
    "error": {
      "code": 500,
      "message": "Internal error encountered.",
      "status": "INTERNAL"
    }
  },
  "response": {
    "statusCode": 500
  }
}
